<?xml version="1.0" encoding="UTF-8"?>
<!-- Generated by org.testng.reporters.JUnitReportReporter -->
<testsuite hostname="Romesh-PC" name="com.Learnautomation.selenium1.DemoforMaven" tests="3" failures="0" timestamp="13 Jan 2018 11:51:37 GMT" time="0.027" errors="0">
  <testcase name="Maven2" time="0.002" classname="com.Learnautomation.selenium1.DemoforMaven"/>
  <testcase name="Maven1" time="0.024" classname="com.Learnautomation.selenium1.DemoforMaven"/>
  <testcase name="Maven3" time="0.001" classname="com.Learnautomation.selenium1.DemoforMaven"/>
</testsuite> <!-- com.Learnautomation.selenium1.DemoforMaven -->
