<?xml version="1.0" encoding="UTF-8"?>
<!-- Generated by org.testng.reporters.JUnitReportReporter -->
<testsuite skipped="0" hostname="Romesh-PC" name="com.TestCases.Amazon_HomePage" tests="1" failures="0" timestamp="26 Nov 2017 06:37:22 GMT" time="95.903" errors="0">
  <testcase name="HomePage_Login" time="95.903" classname="com.TestCases.Amazon_HomePage"/>
</testsuite> <!-- com.TestCases.Amazon_HomePage -->
