<?xml version="1.0" encoding="UTF-8"?>
<!-- Generated by org.testng.reporters.JUnitReportReporter -->
<testsuite skipped="0" hostname="Romesh-PC" name="com.TestCases.Amazon_Homepage_login" tests="1" failures="0" timestamp="26 Nov 2017 04:30:54 GMT" time="95.533" errors="0">
  <testcase name="f" time="95.533" classname="com.TestCases.Amazon_Homepage_login"/>
</testsuite> <!-- com.TestCases.Amazon_Homepage_login -->
