<?xml version="1.0" encoding="UTF-8"?>
<!-- Generated by org.testng.reporters.JUnitReportReporter -->
<testsuite hostname="Romesh-PC" name="com.Learnautomation.selenium1.Demo2TestNG" tests="2" failures="0" timestamp="20 Dec 2017 03:35:12 GMT" time="0.004" errors="0">
  <testcase name="Demo2" time="0.002" classname="com.Learnautomation.selenium1.Demo2TestNG"/>
  <testcase name="Demo1" time="0.002" classname="com.Learnautomation.selenium1.Demo2TestNG"/>
</testsuite> <!-- com.Learnautomation.selenium1.Demo2TestNG -->
