<?xml version="1.0" encoding="UTF-8"?>
<!-- Generated by org.testng.reporters.JUnitReportReporter -->
<testsuite hostname="Romesh-PC" name="com.Learnautomation.selenium1.DemoforMaven" tests="3" failures="0" timestamp="20 Dec 2017 03:35:12 GMT" time="0.030" errors="0">
  <testcase name="Maven3" time="0.002" classname="com.Learnautomation.selenium1.DemoforMaven"/>
  <testcase name="Maven1" time="0.026" classname="com.Learnautomation.selenium1.DemoforMaven"/>
  <testcase name="Maven2" time="0.002" classname="com.Learnautomation.selenium1.DemoforMaven"/>
</testsuite> <!-- com.Learnautomation.selenium1.DemoforMaven -->
